<?xml version="1.0" encoding="UTF-8"?>
<coverage generated="1592615469382" clover="3.2.0">
  <project timestamp="1592615469382" name="All files">
    <metrics statements="8" coveredstatements="8" conditionals="0" coveredconditionals="0" methods="4" coveredmethods="4" elements="12" coveredelements="12" complexity="0" loc="8" ncloc="8" packages="1" files="4" classes="4"/>
    <file name="App.jsx" path="/Users/lisawhite/etsy-similar-products/client/src/components/App.jsx">
      <metrics statements="2" coveredstatements="2" conditionals="0" coveredconditionals="0" methods="1" coveredmethods="1"/>
      <line num="6" count="1" type="stmt"/>
      <line num="7" count="1" type="stmt"/>
    </file>
    <file name="StoreInfo.jsx" path="/Users/lisawhite/etsy-similar-products/client/src/components/StoreInfo.jsx">
      <metrics statements="2" coveredstatements="2" conditionals="0" coveredconditionals="0" methods="1" coveredmethods="1"/>
      <line num="3" count="2" type="stmt"/>
      <line num="4" count="1" type="stmt"/>
    </file>
    <file name="StoreProductItem.jsx" path="/Users/lisawhite/etsy-similar-products/client/src/components/StoreProductItem.jsx">
      <metrics statements="2" coveredstatements="2" conditionals="0" coveredconditionals="0" methods="1" coveredmethods="1"/>
      <line num="3" count="3" type="stmt"/>
      <line num="4" count="1" type="stmt"/>
    </file>
    <file name="StoreProductList.jsx" path="/Users/lisawhite/etsy-similar-products/client/src/components/StoreProductList.jsx">
      <metrics statements="2" coveredstatements="2" conditionals="0" coveredconditionals="0" methods="1" coveredmethods="1"/>
      <line num="4" count="2" type="stmt"/>
      <line num="5" count="1" type="stmt"/>
    </file>
  </project>
</coverage>
