<?xml version="1.0" encoding="UTF-8"?>
<coverage generated="1592617204524" clover="3.2.0">
  <project timestamp="1592617204524" name="All files">
    <metrics statements="6" coveredstatements="6" conditionals="0" coveredconditionals="0" methods="5" coveredmethods="5" elements="11" coveredelements="11" complexity="0" loc="6" ncloc="6" packages="1" files="4" classes="4"/>
    <file name="App.jsx" path="/Users/lisawhite/etsy-similar-products/client/src/components/App.jsx">
      <metrics statements="3" coveredstatements="3" conditionals="0" coveredconditionals="0" methods="2" coveredmethods="2"/>
      <line num="8" count="1" type="stmt"/>
      <line num="10" count="1" type="stmt"/>
      <line num="16" count="1" type="stmt"/>
    </file>
    <file name="StoreInfo.jsx" path="/Users/lisawhite/etsy-similar-products/client/src/components/StoreInfo.jsx">
      <metrics statements="1" coveredstatements="1" conditionals="0" coveredconditionals="0" methods="1" coveredmethods="1"/>
      <line num="4" count="1" type="stmt"/>
    </file>
    <file name="StoreProductItem.jsx" path="/Users/lisawhite/etsy-similar-products/client/src/components/StoreProductItem.jsx">
      <metrics statements="1" coveredstatements="1" conditionals="0" coveredconditionals="0" methods="1" coveredmethods="1"/>
      <line num="4" count="1" type="stmt"/>
    </file>
    <file name="StoreProductList.jsx" path="/Users/lisawhite/etsy-similar-products/client/src/components/StoreProductList.jsx">
      <metrics statements="1" coveredstatements="1" conditionals="0" coveredconditionals="0" methods="1" coveredmethods="1"/>
      <line num="5" count="1" type="stmt"/>
    </file>
  </project>
</coverage>
