{"/Users/lisawhite/etsy-similar-products/client/src/components/App.jsx": {"path":"/Users/lisawhite/etsy-similar-products/client/src/components/App.jsx","statementMap":{"0":{"start":{"line":6,"column":12},"end":{"line":14,"column":1}},"1":{"start":{"line":7,"column":2},"end":{"line":13,"column":4}}},"fnMap":{"0":{"name":"(anonymous_0)","decl":{"start":{"line":6,"column":12},"end":{"line":6,"column":13}},"loc":{"start":{"line":6,"column":18},"end":{"line":14,"column":1}},"line":6}},"branchMap":{},"s":{"0":1,"1":1},"f":{"0":1},"b":{},"_coverageSchema":"1a1c01bbd47fc00a2c39e90264f33305004495a9","hash":"c71170fd7cf3cc615efd9cd2f64246ee500a319b"}
,"/Users/lisawhite/etsy-similar-products/client/src/components/StoreInfo.jsx": {"path":"/Users/lisawhite/etsy-similar-products/client/src/components/StoreInfo.jsx","statementMap":{"0":{"start":{"line":3,"column":18},"end":{"line":16,"column":1}},"1":{"start":{"line":4,"column":2},"end":{"line":15,"column":4}}},"fnMap":{"0":{"name":"(anonymous_0)","decl":{"start":{"line":3,"column":18},"end":{"line":3,"column":19}},"loc":{"start":{"line":3,"column":29},"end":{"line":16,"column":1}},"line":3}},"branchMap":{},"s":{"0":2,"1":1},"f":{"0":1},"b":{},"_coverageSchema":"1a1c01bbd47fc00a2c39e90264f33305004495a9","hash":"f678549a9411793433170187eb0494cf106efb99"}
,"/Users/lisawhite/etsy-similar-products/client/src/components/StoreProductItem.jsx": {"path":"/Users/lisawhite/etsy-similar-products/client/src/components/StoreProductItem.jsx","statementMap":{"0":{"start":{"line":3,"column":25},"end":{"line":48,"column":1}},"1":{"start":{"line":4,"column":2},"end":{"line":47,"column":4}}},"fnMap":{"0":{"name":"(anonymous_0)","decl":{"start":{"line":3,"column":25},"end":{"line":3,"column":26}},"loc":{"start":{"line":3,"column":36},"end":{"line":48,"column":1}},"line":3}},"branchMap":{},"s":{"0":3,"1":1},"f":{"0":1},"b":{},"_coverageSchema":"1a1c01bbd47fc00a2c39e90264f33305004495a9","hash":"61ce399fca44677b34be09e78a2c65d815073876"}
,"/Users/lisawhite/etsy-similar-products/client/src/components/StoreProductList.jsx": {"path":"/Users/lisawhite/etsy-similar-products/client/src/components/StoreProductList.jsx","statementMap":{"0":{"start":{"line":4,"column":25},"end":{"line":10,"column":1}},"1":{"start":{"line":5,"column":2},"end":{"line":9,"column":4}}},"fnMap":{"0":{"name":"(anonymous_0)","decl":{"start":{"line":4,"column":25},"end":{"line":4,"column":26}},"loc":{"start":{"line":4,"column":36},"end":{"line":10,"column":1}},"line":4}},"branchMap":{},"s":{"0":2,"1":1},"f":{"0":1},"b":{},"_coverageSchema":"1a1c01bbd47fc00a2c39e90264f33305004495a9","hash":"a54d3f499fbf216cf98b57ddebaf04731b0ec5f8"}
}
