{"/Users/lisawhite/etsy-similar-products/client/src/components/App.jsx": {"path":"/Users/lisawhite/etsy-similar-products/client/src/components/App.jsx","statementMap":{"0":{"start":{"line":8,"column":4},"end":{"line":8,"column":17}},"1":{"start":{"line":10,"column":4},"end":{"line":12,"column":6}},"2":{"start":{"line":16,"column":4},"end":{"line":22,"column":6}}},"fnMap":{"0":{"name":"(anonymous_0)","decl":{"start":{"line":7,"column":2},"end":{"line":7,"column":3}},"loc":{"start":{"line":7,"column":21},"end":{"line":13,"column":3}},"line":7},"1":{"name":"(anonymous_1)","decl":{"start":{"line":15,"column":2},"end":{"line":15,"column":3}},"loc":{"start":{"line":15,"column":11},"end":{"line":23,"column":3}},"line":15}},"branchMap":{},"s":{"0":1,"1":1,"2":1},"f":{"0":1,"1":1},"b":{},"_coverageSchema":"1a1c01bbd47fc00a2c39e90264f33305004495a9","hash":"7e758989d5cc85a572264fa3259acd3db9b80056"}
,"/Users/lisawhite/etsy-similar-products/client/src/components/StoreInfo.jsx": {"path":"/Users/lisawhite/etsy-similar-products/client/src/components/StoreInfo.jsx","statementMap":{"0":{"start":{"line":4,"column":2},"end":{"line":15,"column":4}}},"fnMap":{"0":{"name":"StoreInfo","decl":{"start":{"line":3,"column":9},"end":{"line":3,"column":18}},"loc":{"start":{"line":3,"column":21},"end":{"line":16,"column":1}},"line":3}},"branchMap":{},"s":{"0":1},"f":{"0":1},"b":{},"_coverageSchema":"1a1c01bbd47fc00a2c39e90264f33305004495a9","hash":"d00c9730592ad0a60e760e74c33fe027889b21cc"}
,"/Users/lisawhite/etsy-similar-products/client/src/components/StoreProductItem.jsx": {"path":"/Users/lisawhite/etsy-similar-products/client/src/components/StoreProductItem.jsx","statementMap":{"0":{"start":{"line":4,"column":2},"end":{"line":47,"column":4}}},"fnMap":{"0":{"name":"StoreProductItem","decl":{"start":{"line":3,"column":9},"end":{"line":3,"column":25}},"loc":{"start":{"line":3,"column":28},"end":{"line":48,"column":1}},"line":3}},"branchMap":{},"s":{"0":1},"f":{"0":1},"b":{},"_coverageSchema":"1a1c01bbd47fc00a2c39e90264f33305004495a9","hash":"14ddab991f3e2624e1e8c2f53cf0458cca358264"}
,"/Users/lisawhite/etsy-similar-products/client/src/components/StoreProductList.jsx": {"path":"/Users/lisawhite/etsy-similar-products/client/src/components/StoreProductList.jsx","statementMap":{"0":{"start":{"line":5,"column":2},"end":{"line":9,"column":4}}},"fnMap":{"0":{"name":"StoreProductList","decl":{"start":{"line":4,"column":9},"end":{"line":4,"column":25}},"loc":{"start":{"line":4,"column":28},"end":{"line":10,"column":1}},"line":4}},"branchMap":{},"s":{"0":1},"f":{"0":1},"b":{},"_coverageSchema":"1a1c01bbd47fc00a2c39e90264f33305004495a9","hash":"01099ee843e7c1922ad94b5bf576a2558441f568"}
}
