TN:
SF:client/src/components/App.jsx
FN:7,(anonymous_0)
FN:15,(anonymous_1)
FNF:2
FNH:2
FNDA:1,(anonymous_0)
FNDA:1,(anonymous_1)
DA:8,1
DA:10,1
DA:16,1
LF:3
LH:3
BRF:0
BRH:0
end_of_record
TN:
SF:client/src/components/StoreInfo.jsx
FN:3,StoreInfo
FNF:1
FNH:1
FNDA:1,StoreInfo
DA:4,1
LF:1
LH:1
BRF:0
BRH:0
end_of_record
TN:
SF:client/src/components/StoreProductItem.jsx
FN:3,StoreProductItem
FNF:1
FNH:1
FNDA:1,StoreProductItem
DA:4,1
LF:1
LH:1
BRF:0
BRH:0
end_of_record
TN:
SF:client/src/components/StoreProductList.jsx
FN:4,StoreProductList
FNF:1
FNH:1
FNDA:1,StoreProductList
DA:5,1
LF:1
LH:1
BRF:0
BRH:0
end_of_record
